Determining if the pthread_create exist failed with the following output:
Change Dir: /home/mjmj/catkin_ws_mike/build/CMakeFiles/CMakeTmp

Run Build Command:"/usr/bin/make" "cmTryCompileExec3123557459/fast"
/usr/bin/make -f CMakeFiles/cmTryCompileExec3123557459.dir/build.make CMakeFiles/cmTryCompileExec3123557459.dir/build
make[1]: Entering directory `/home/mjmj/catkin_ws_mike/build/CMakeFiles/CMakeTmp'
/usr/bin/cmake -E cmake_progress_report /home/mjmj/catkin_ws_mike/build/CMakeFiles/CMakeTmp/CMakeFiles 1
Building C object CMakeFiles/cmTryCompileExec3123557459.dir/CheckSymbolExists.c.o
/usr/bin/cc    -o CMakeFiles/cmTryCompileExec3123557459.dir/CheckSymbolExists.c.o   -c /home/mjmj/catkin_ws_mike/build/CMakeFiles/CMakeTmp/CheckSymbolExists.c
Linking C executable cmTryCompileExec3123557459
/usr/bin/cmake -E cmake_link_script CMakeFiles/cmTryCompileExec3123557459.dir/link.txt --verbose=1
/usr/bin/cc       CMakeFiles/cmTryCompileExec3123557459.dir/CheckSymbolExists.c.o  -o cmTryCompileExec3123557459 -rdynamic 
CMakeFiles/cmTryCompileExec3123557459.dir/CheckSymbolExists.c.o: In function `main':
CheckSymbolExists.c:(.text+0x16): undefined reference to `pthread_create'
collect2: error: ld returned 1 exit status
make[1]: Leaving directory `/home/mjmj/catkin_ws_mike/build/CMakeFiles/CMakeTmp'
make[1]: *** [cmTryCompileExec3123557459] Error 1
make: *** [cmTryCompileExec3123557459/fast] Error 2

File /home/mjmj/catkin_ws_mike/build/CMakeFiles/CMakeTmp/CheckSymbolExists.c:
/* */
#include <pthread.h>

int main(int argc, char** argv)
{
  (void)argv;
#ifndef pthread_create
  return ((int*)(&pthread_create))[argc];
#else
  (void)argc;
  return 0;
#endif
}

Determining if the function pthread_create exists in the pthreads failed with the following output:
Change Dir: /home/mjmj/catkin_ws_mike/build/CMakeFiles/CMakeTmp

Run Build Command:"/usr/bin/make" "cmTryCompileExec2259289554/fast"
/usr/bin/make -f CMakeFiles/cmTryCompileExec2259289554.dir/build.make CMakeFiles/cmTryCompileExec2259289554.dir/build
make[1]: Entering directory `/home/mjmj/catkin_ws_mike/build/CMakeFiles/CMakeTmp'
/usr/bin/cmake -E cmake_progress_report /home/mjmj/catkin_ws_mike/build/CMakeFiles/CMakeTmp/CMakeFiles 1
Building C object CMakeFiles/cmTryCompileExec2259289554.dir/CheckFunctionExists.c.o
/usr/bin/cc   -DCHECK_FUNCTION_EXISTS=pthread_create   -o CMakeFiles/cmTryCompileExec2259289554.dir/CheckFunctionExists.c.o   -c /usr/share/cmake-3.2/Modules/CheckFunctionExists.c
Linking C executable cmTryCompileExec2259289554
/usr/bin/cmake -E cmake_link_script CMakeFiles/cmTryCompileExec2259289554.dir/link.txt --verbose=1
/usr/bin/cc   -DCHECK_FUNCTION_EXISTS=pthread_create    CMakeFiles/cmTryCompileExec2259289554.dir/CheckFunctionExists.c.o  -o cmTryCompileExec2259289554 -rdynamic -lpthreads 
/usr/bin/ld: cannot find -lpthreads
collect2: error: ld returned 1 exit status
make[1]: Leaving directory `/home/mjmj/catkin_ws_mike/build/CMakeFiles/CMakeTmp'
make[1]: *** [cmTryCompileExec2259289554] Error 1
make: *** [cmTryCompileExec2259289554/fast] Error 2


